40 0.0 0.81 330.330 0.342 0.330
177 0.0 0.6907 6245.6245 0.19372 0.6245
314 0.0 0.37873 34299.34299 0.138067 0.34299
451 0.0 0.111620 37912.37912 0.138124 0.37912
588 0.0 0.246054 172945.172945 0.720356 0.172945
725 0.0 0.460502 159439.159439 0.720734 0.159439
862 0.0 0.779560 183035.183035 0.967670 0.183035
999 0.0 1.212184 166530.166530 0.967264 0.166530
1136 0.0 1.781144 77129.77129 3.963271 1.77129
1273 0.0 2.502022 86955.86955 3.950238 1.86955
1410 0.0 3.404027 79695.79695 5.9474 1.79695
1547 0.0 4.503680 101054.101054 6.212251 1.101054
1684 0.0 5.888131 78989.78989 6.217250 1.78989
1821 0.0 7.571307 90911.90911 6.762065 1.90911
1958 0.0 9.474718 104684.104684 6.765017 1.104684
2095 0.0 11.615476 414975.414975 22.947024 7.414975
2232 0.0 14.109908 380369.380369 22.936283 7.380369
4000 0.0 81.182958 511030.511030 47.615781 7.511030
4000 735.707937 523226.523226 523226.523226 46.523226 523226.523226
100 0.1269 0.0 0.0 0.2670 0.0
4000 738.312066 0.0 0.0 46.658689 0.0
4000 738.621968 0.0 0.0 46.651699 0.0
4000 739.202647 0.0 0.0 46.653387 0.0
4000 736.598519 0.0 0.0 46.538656 0.0
4000 737.897706 0.0 0.0 46.527692 0.0
4000 736.189283 0.0 0.0 46.498609 0.0
